--------------------------------------------------------------------------------
Release 14.7 Trace  (nt64)
Copyright (c) 1995-2013 Xilinx, Inc.  All rights reserved.

C:\Xilinx\14.7\ISE_DS\ISE\bin\nt64\unwrapped\trce.exe -intstyle ise -v 3 -s 2
-n 3 -fastpaths -xml math_multiplier_array.twx math_multiplier_array.ncd -o
math_multiplier_array.twr math_multiplier_array.pcf -ucf
math_multiplier_array.ucf

Design file:              math_multiplier_array.ncd
Physical constraint file: math_multiplier_array.pcf
Device,package,speed:     xc6slx9,csg324,C,-2 (PRODUCTION 1.23 2013-10-13)
Report level:             verbose report

Environment Variable      Effect 
--------------------      ------ 
NONE                      No environment variables were set
--------------------------------------------------------------------------------

INFO:Timing:2698 - No timing constraints found, doing default enumeration.
INFO:Timing:3412 - To improve timing, see the Timing Closure User Guide (UG612).
INFO:Timing:2752 - To get complete path coverage, use the unconstrained paths 
   option. All paths that are not constrained will be reported in the 
   unconstrained paths section(s) of the report.
INFO:Timing:3339 - The clock-to-out numbers in this timing report are based on 
   a 50 Ohm transmission line loading model.  For the details of this model, 
   and for more information on accounting for different loading conditions, 
   please see the device datasheet.



Data Sheet report:
-----------------
All values displayed in nanoseconds (ns)

Pad to Pad
---------------+---------------+---------+
Source Pad     |Destination Pad|  Delay  |
---------------+---------------+---------+
a<0>           |p<0>           |    9.977|
a<0>           |p<1>           |    9.915|
a<0>           |p<2>           |    9.867|
a<0>           |p<3>           |   10.385|
a<0>           |p<4>           |   11.592|
a<0>           |p<5>           |   12.136|
a<0>           |p<6>           |   12.619|
a<0>           |p<7>           |   12.158|
a<1>           |p<1>           |    9.791|
a<1>           |p<2>           |    9.379|
a<1>           |p<3>           |   10.048|
a<1>           |p<4>           |   11.612|
a<1>           |p<5>           |   12.156|
a<1>           |p<6>           |   12.526|
a<1>           |p<7>           |   12.065|
a<2>           |p<2>           |    9.843|
a<2>           |p<3>           |   10.690|
a<2>           |p<4>           |   11.471|
a<2>           |p<5>           |   12.345|
a<2>           |p<6>           |   12.869|
a<2>           |p<7>           |   12.408|
a<3>           |p<3>           |    9.674|
a<3>           |p<4>           |   11.020|
a<3>           |p<5>           |   11.628|
a<3>           |p<6>           |   12.152|
a<3>           |p<7>           |   11.691|
b<0>           |p<0>           |   10.064|
b<0>           |p<1>           |    9.785|
b<0>           |p<2>           |   10.078|
b<0>           |p<3>           |   10.483|
b<0>           |p<4>           |   11.344|
b<0>           |p<5>           |   12.138|
b<0>           |p<6>           |   12.662|
b<0>           |p<7>           |   12.201|
b<1>           |p<1>           |    9.884|
b<1>           |p<2>           |    9.755|
b<1>           |p<3>           |   10.072|
b<1>           |p<4>           |   10.965|
b<1>           |p<5>           |   11.925|
b<1>           |p<6>           |   12.449|
b<1>           |p<7>           |   11.988|
b<2>           |p<2>           |    9.504|
b<2>           |p<3>           |   10.447|
b<2>           |p<4>           |   11.228|
b<2>           |p<5>           |   12.102|
b<2>           |p<6>           |   12.626|
b<2>           |p<7>           |   12.165|
b<3>           |p<3>           |    9.828|
b<3>           |p<4>           |   10.407|
b<3>           |p<5>           |   12.190|
b<3>           |p<6>           |   12.134|
b<3>           |p<7>           |   11.995|
---------------+---------------+---------+


Analysis completed Tue Oct 20 10:25:36 2015 
--------------------------------------------------------------------------------

Trace Settings:
-------------------------
Trace Settings 

Peak Memory Usage: 237 MB



